<?xml version="1.0" encoding="UTF-8"?>
<testsuites name="jest tests" tests="1" failures="0" errors="0" time="0.474">
  <testsuite name="undefined" errors="0" failures="0" skipped="0" timestamp="2025-10-15T12:12:12" time="0.386" tests="1">
    <testcase classname=" initial task list is empty" name=" initial task list is empty" time="0.003">
    </testcase>
  </testsuite>
</testsuites>